# JRE version: Java(TM) SE Runtime Environment (13.0.1+9) (build 13.0.1+9)
# Java VM: Java HotSpot(TM) 64-Bit Server VM (13.0.1+9, mixed mode, sharing, tiered, compressed oops, g1 gc, windows-amd64)
Heap:
 garbage-first heap   total 8192K, used 2070K [0x0000000080000000, 0x0000000100000000)
  region size 1024K, 2 young (2048K), 1 survivors (1024K)
 Metaspace       used 5713K, capacity 9468K, committed 9600K, reserved 1058816K
  class space    used 711K, capacity 1102K, committed 1152K, reserved 1048576K
GC Heap History (6 events):
Event: 0.135 GC heap before
{Heap before GC invocations=0 (full 0):
 garbage-first heap   total 8192K, used 3072K [0x0000000080000000, 0x0000000100000000)
  region size 1024K, 3 young (3072K), 0 survivors (0K)
 Metaspace       used 2334K, capacity 6127K, committed 6400K, reserved 1056768K
  class space    used 285K, capacity 645K, committed 768K, reserved 1048576K
}
Event: 0.137 GC heap after
{Heap after GC invocations=1 (full 0):
 garbage-first heap   total 8192K, used 1439K [0x0000000080000000, 0x0000000100000000)
  region size 1024K, 1 young (1024K), 1 survivors (1024K)
 Metaspace       used 2334K, capacity 6127K, committed 6400K, reserved 1056768K
  class space    used 285K, capacity 645K, committed 768K, reserved 1048576K
}
Event: 0.194 GC heap before
{Heap before GC invocations=1 (full 0):
 garbage-first heap   total 8192K, used 2463K [0x0000000080000000, 0x0000000100000000)
  region size 1024K, 2 young (2048K), 1 survivors (1024K)
 Metaspace       used 4529K, capacity 8295K, committed 8448K, reserved 1056768K
  class space    used 579K, capacity 942K, committed 1024K, reserved 1048576K
}
Event: 0.196 GC heap after
{Heap after GC invocations=2 (full 0):
 garbage-first heap   total 8192K, used 1731K [0x0000000080000000, 0x0000000100000000)
  region size 1024K, 1 young (1024K), 1 survivors (1024K)
 Metaspace       used 4529K, capacity 8295K, committed 8448K, reserved 1056768K
  class space    used 579K, capacity 942K, committed 1024K, reserved 1048576K
}
Event: 0.232 GC heap before
{Heap before GC invocations=2 (full 0):
 garbage-first heap   total 8192K, used 2755K [0x0000000080000000, 0x0000000100000000)
  region size 1024K, 2 young (2048K), 1 survivors (1024K)
 Metaspace       used 5711K, capacity 9466K, committed 9600K, reserved 1058816K
  class space    used 711K, capacity 1101K, committed 1152K, reserved 1048576K
}
Event: 0.234 GC heap after
{Heap after GC invocations=3 (full 0):
 garbage-first heap   total 8192K, used 2070K [0x0000000080000000, 0x0000000100000000)
  region size 1024K, 1 young (1024K), 1 survivors (1024K)
 Metaspace       used 5711K, capacity 9466K, committed 9600K, reserved 1058816K
  class space    used 711K, capacity 1101K, committed 1152K, reserved 1048576K
}

